2015-11-22T03:28:09+00:00 ERR (3): Notice: Undefined variable: block  in /var/www/html/app/code/core/Mage/Core/Model/Email/Template/Filter.php on line 187
2015-11-22T03:28:09+00:00 ERR (3): Notice: Undefined variable: block  in /var/www/html/app/code/core/Mage/Core/Model/Email/Template/Filter.php on line 197
2015-11-22T03:28:09+00:00 ERR (3): Notice: Undefined variable: block  in /var/www/html/app/code/core/Mage/Core/Model/Email/Template/Filter.php on line 187
2015-11-22T03:28:09+00:00 ERR (3): Notice: Undefined variable: block  in /var/www/html/app/code/core/Mage/Core/Model/Email/Template/Filter.php on line 197
2015-11-22T03:28:09+00:00 ERR (3): Notice: Undefined variable: block  in /var/www/html/app/code/core/Mage/Core/Model/Email/Template/Filter.php on line 187
2015-11-22T03:28:09+00:00 ERR (3): Notice: Undefined variable: block  in /var/www/html/app/code/core/Mage/Core/Model/Email/Template/Filter.php on line 197
2015-11-22T03:49:30+00:00 ERR (3): Warning: imagejpeg(/var/www/html/media/catalog/product/cache/1/image/1800x/040ec09b1e35df139433887a97daa66f/m/s/msj012t_2.jpg): failed to open stream: No such file or directory  in /var/www/html/lib/Varien/Image/Adapter/Gd2.php on line 210
2015-11-22T03:49:30+00:00 ERR (3): Warning: imagejpeg(/var/www/html/media/catalog/product/cache/1/image/1800x/040ec09b1e35df139433887a97daa66f/m/s/msj012t_2.jpg): failed to open stream: No such file or directory  in /var/www/html/lib/Varien/Image/Adapter/Gd2.php on line 210
2015-11-22T03:49:30+00:00 ERR (3): Warning: imagejpeg(/var/www/html/media/catalog/product/cache/1/image/1800x/040ec09b1e35df139433887a97daa66f/m/s/msj012a_2.jpg): failed to open stream: No such file or directory  in /var/www/html/lib/Varien/Image/Adapter/Gd2.php on line 210
2015-11-22T03:49:30+00:00 ERR (3): Warning: imagejpeg(/var/www/html/media/catalog/product/cache/1/image/1800x/040ec09b1e35df139433887a97daa66f/m/s/msj012a_2.jpg): failed to open stream: No such file or directory  in /var/www/html/lib/Varien/Image/Adapter/Gd2.php on line 210
2015-11-22T03:49:30+00:00 ERR (3): Warning: imagejpeg(/var/www/html/media/catalog/product/cache/1/image/1800x/040ec09b1e35df139433887a97daa66f/m/s/msj012b.jpg): failed to open stream: No such file or directory  in /var/www/html/lib/Varien/Image/Adapter/Gd2.php on line 210
2015-11-22T03:49:30+00:00 ERR (3): Warning: imagejpeg(/var/www/html/media/catalog/product/cache/1/image/1800x/040ec09b1e35df139433887a97daa66f/m/s/msj012b.jpg): failed to open stream: No such file or directory  in /var/www/html/lib/Varien/Image/Adapter/Gd2.php on line 210
2015-11-22T03:49:30+00:00 ERR (3): Warning: imagejpeg(/var/www/html/media/catalog/product/cache/1/image/1800x/040ec09b1e35df139433887a97daa66f/m/s/msj012t_1.jpg): failed to open stream: No such file or directory  in /var/www/html/lib/Varien/Image/Adapter/Gd2.php on line 210
2015-11-22T03:49:30+00:00 ERR (3): Warning: imagejpeg(/var/www/html/media/catalog/product/cache/1/image/1800x/040ec09b1e35df139433887a97daa66f/m/s/msj012t_1.jpg): failed to open stream: No such file or directory  in /var/www/html/lib/Varien/Image/Adapter/Gd2.php on line 210
2015-11-22T03:49:30+00:00 ERR (3): Warning: imagejpeg(/var/www/html/media/catalog/product/cache/1/image/1800x/040ec09b1e35df139433887a97daa66f/m/s/msj012t_1.jpg): failed to open stream: No such file or directory  in /var/www/html/lib/Varien/Image/Adapter/Gd2.php on line 210
2015-11-22T03:49:31+00:00 ERR (3): Warning: imagejpeg(/var/www/html/media/catalog/product/cache/1/image/1800x/040ec09b1e35df139433887a97daa66f/m/s/msj012t_3.jpg): failed to open stream: No such file or directory  in /var/www/html/lib/Varien/Image/Adapter/Gd2.php on line 210
2015-11-22T03:49:31+00:00 ERR (3): Warning: imagejpeg(/var/www/html/media/catalog/product/cache/1/image/1800x/040ec09b1e35df139433887a97daa66f/m/s/msj012t_4.jpg): failed to open stream: No such file or directory  in /var/www/html/lib/Varien/Image/Adapter/Gd2.php on line 210
2015-11-22T03:49:31+00:00 ERR (3): Warning: imagejpeg(/var/www/html/media/catalog/product/cache/1/image/1800x/040ec09b1e35df139433887a97daa66f/m/s/msj012t_2.jpg): failed to open stream: No such file or directory  in /var/www/html/lib/Varien/Image/Adapter/Gd2.php on line 210
2015-11-22T03:49:31+00:00 ERR (3): Warning: imagepng(/var/www/html/media/catalog/swatches/1/21x21/media/white.png): failed to open stream: Permission denied  in /var/www/html/lib/Varien/Image/Adapter/Gd2.php on line 210
2015-11-22T03:53:29+00:00 ERR (3): Warning: imagepng(/var/www/html/media/catalog/swatches/1/15x15/media/purple.png): failed to open stream: Permission denied  in /var/www/html/lib/Varien/Image/Adapter/Gd2.php on line 210
2015-11-22T03:53:29+00:00 ERR (3): Warning: imagepng(/var/www/html/media/catalog/swatches/1/15x15/media/purple.png): failed to open stream: Permission denied  in /var/www/html/lib/Varien/Image/Adapter/Gd2.php on line 210
2015-11-22T03:53:29+00:00 ERR (3): Warning: imagejpeg(/var/www/html/media/catalog/product/cache/1/small_image/210x/602f0fa2c1f0d1ba5e241f914e856ff9/w/s/wsd005t_1.jpg): failed to open stream: No such file or directory  in /var/www/html/lib/Varien/Image/Adapter/Gd2.php on line 210
2015-11-22T03:53:29+00:00 ERR (3): Warning: imagejpeg(/var/www/html/media/catalog/product/cache/1/small_image/210x/602f0fa2c1f0d1ba5e241f914e856ff9/w/s/wsd005t_1.jpg): failed to open stream: No such file or directory  in /var/www/html/lib/Varien/Image/Adapter/Gd2.php on line 210
2015-11-22T03:53:29+00:00 ERR (3): Warning: imagejpeg(/var/www/html/media/catalog/product/cache/1/small_image/210x/602f0fa2c1f0d1ba5e241f914e856ff9/w/s/wsd005t_1.jpg): failed to open stream: No such file or directory  in /var/www/html/lib/Varien/Image/Adapter/Gd2.php on line 210
2015-11-22T03:53:29+00:00 ERR (3): Warning: imagejpeg(/var/www/html/media/catalog/product/cache/1/small_image/210x/602f0fa2c1f0d1ba5e241f914e856ff9/w/s/wsd005t_3.jpg): failed to open stream: No such file or directory  in /var/www/html/lib/Varien/Image/Adapter/Gd2.php on line 210
2015-11-22T03:53:29+00:00 ERR (3): Warning: imagejpeg(/var/www/html/media/catalog/product/cache/1/small_image/210x/602f0fa2c1f0d1ba5e241f914e856ff9/w/s/wsd005t_4.jpg): failed to open stream: No such file or directory  in /var/www/html/lib/Varien/Image/Adapter/Gd2.php on line 210
2015-11-22T03:53:29+00:00 ERR (3): Warning: imagejpeg(/var/www/html/media/catalog/product/cache/1/small_image/210x/602f0fa2c1f0d1ba5e241f914e856ff9/w/s/wsd005t_2.jpg): failed to open stream: No such file or directory  in /var/www/html/lib/Varien/Image/Adapter/Gd2.php on line 210
2015-11-22T03:53:29+00:00 ERR (3): Warning: imagejpeg(/var/www/html/media/catalog/product/cache/1/small_image/210x/602f0fa2c1f0d1ba5e241f914e856ff9/a/c/ace001_1.jpg): failed to open stream: No such file or directory  in /var/www/html/lib/Varien/Image/Adapter/Gd2.php on line 210
2015-11-22T03:53:29+00:00 ERR (3): Warning: imagejpeg(/var/www/html/media/catalog/product/cache/1/small_image/210x/602f0fa2c1f0d1ba5e241f914e856ff9/h/d/hdb008_1.jpg): failed to open stream: Permission denied  in /var/www/html/lib/Varien/Image/Adapter/Gd2.php on line 210
2015-11-22T03:53:29+00:00 ERR (3): Warning: imagejpeg(/var/www/html/media/catalog/product/cache/1/thumbnail/50x50/9df78eab33525d08d6e5fb8d27136e95/a/b/abl004a_1.jpg): failed to open stream: Permission denied  in /var/www/html/lib/Varien/Image/Adapter/Gd2.php on line 210
2015-11-22T03:53:36+00:00 ERR (3): Warning: imagejpeg(/var/www/html/media/catalog/product/cache/1/image/9df78eab33525d08d6e5fb8d27136e95/m/s/msj003t_2.jpg): failed to open stream: Permission denied  in /var/www/html/lib/Varien/Image/Adapter/Gd2.php on line 210
2015-11-22T03:53:36+00:00 ERR (3): Warning: imagejpeg(/var/www/html/media/catalog/product/cache/1/image/1800x/040ec09b1e35df139433887a97daa66f/m/s/msj003t_2.jpg): failed to open stream: No such file or directory  in /var/www/html/lib/Varien/Image/Adapter/Gd2.php on line 210
2015-11-22T03:53:36+00:00 ERR (3): Warning: imagejpeg(/var/www/html/media/catalog/product/cache/1/image/1800x/040ec09b1e35df139433887a97daa66f/m/s/msj003t_2.jpg): failed to open stream: No such file or directory  in /var/www/html/lib/Varien/Image/Adapter/Gd2.php on line 210
2015-11-22T03:53:36+00:00 ERR (3): Warning: imagejpeg(/var/www/html/media/catalog/product/cache/1/image/1800x/040ec09b1e35df139433887a97daa66f/m/s/msj003a_2.jpg): failed to open stream: No such file or directory  in /var/www/html/lib/Varien/Image/Adapter/Gd2.php on line 210
2015-11-22T03:53:36+00:00 ERR (3): Warning: imagejpeg(/var/www/html/media/catalog/product/cache/1/image/1800x/040ec09b1e35df139433887a97daa66f/m/s/msj003a_2.jpg): failed to open stream: No such file or directory  in /var/www/html/lib/Varien/Image/Adapter/Gd2.php on line 210
2015-11-22T03:53:36+00:00 ERR (3): Warning: imagejpeg(/var/www/html/media/catalog/product/cache/1/image/1800x/040ec09b1e35df139433887a97daa66f/m/s/msj003b_2.jpg): failed to open stream: No such file or directory  in /var/www/html/lib/Varien/Image/Adapter/Gd2.php on line 210
2015-11-22T03:53:37+00:00 ERR (3): Warning: imagejpeg(/var/www/html/media/catalog/product/cache/1/image/1800x/040ec09b1e35df139433887a97daa66f/m/s/msj003b_2.jpg): failed to open stream: No such file or directory  in /var/www/html/lib/Varien/Image/Adapter/Gd2.php on line 210
2015-11-22T03:53:37+00:00 ERR (3): Warning: imagejpeg(/var/www/html/media/catalog/product/cache/1/thumbnail/75x/9df78eab33525d08d6e5fb8d27136e95/m/s/msj003t_2.jpg): failed to open stream: Permission denied  in /var/www/html/lib/Varien/Image/Adapter/Gd2.php on line 210
2015-11-22T03:53:37+00:00 ERR (3): Warning: imagejpeg(/var/www/html/media/catalog/product/cache/1/thumbnail/75x/9df78eab33525d08d6e5fb8d27136e95/m/s/msj003a_2.jpg): failed to open stream: Permission denied  in /var/www/html/lib/Varien/Image/Adapter/Gd2.php on line 210
2015-11-22T03:53:37+00:00 ERR (3): Warning: imagejpeg(/var/www/html/media/catalog/product/cache/1/thumbnail/75x/9df78eab33525d08d6e5fb8d27136e95/m/s/msj003b_2.jpg): failed to open stream: Permission denied  in /var/www/html/lib/Varien/Image/Adapter/Gd2.php on line 210
2015-11-22T03:53:37+00:00 ERR (3): Warning: imagejpeg(/var/www/html/media/catalog/product/cache/1/image/1800x/040ec09b1e35df139433887a97daa66f/m/s/msj003t_1.jpg): failed to open stream: No such file or directory  in /var/www/html/lib/Varien/Image/Adapter/Gd2.php on line 210
2015-11-22T03:53:37+00:00 ERR (3): Warning: imagejpeg(/var/www/html/media/catalog/product/cache/1/image/1800x/040ec09b1e35df139433887a97daa66f/m/s/msj003t_2.jpg): failed to open stream: No such file or directory  in /var/www/html/lib/Varien/Image/Adapter/Gd2.php on line 210
2015-11-22T03:53:37+00:00 ERR (3): Warning: imagepng(/var/www/html/media/catalog/swatches/1/21x21/media/blue.png): failed to open stream: Permission denied  in /var/www/html/lib/Varien/Image/Adapter/Gd2.php on line 210
2015-11-22T03:53:37+00:00 ERR (3): Warning: imagejpeg(/var/www/html/media/catalog/product/cache/1/image/9df78eab33525d08d6e5fb8d27136e95/m/s/msj003t_2.jpg): failed to open stream: Permission denied  in /var/www/html/lib/Varien/Image/Adapter/Gd2.php on line 210
2015-11-22T04:05:42+00:00 ERR (3): Warning: imagejpeg(/var/www/html/media/catalog/product/cache/1/thumbnail/50x50/9df78eab33525d08d6e5fb8d27136e95/m/s/msj003t_2.jpg): failed to open stream: Permission denied  in /var/www/html/lib/Varien/Image/Adapter/Gd2.php on line 210
2015-11-22T04:05:42+00:00 ERR (3): Warning: imagejpeg(/var/www/html/media/catalog/product/cache/1/thumbnail/50x50/9df78eab33525d08d6e5fb8d27136e95/a/b/abl004a_1.jpg): failed to open stream: Permission denied  in /var/www/html/lib/Varien/Image/Adapter/Gd2.php on line 210
2015-11-22T04:06:39+00:00 ERR (3): Notice: Undefined variable: block  in /var/www/html/app/code/core/Mage/Core/Model/Email/Template/Filter.php on line 187
2015-11-22T04:06:39+00:00 ERR (3): Notice: Undefined variable: block  in /var/www/html/app/code/core/Mage/Core/Model/Email/Template/Filter.php on line 197
2015-11-22T04:06:39+00:00 ERR (3): Notice: Undefined variable: block  in /var/www/html/app/code/core/Mage/Core/Model/Email/Template/Filter.php on line 187
2015-11-22T04:06:39+00:00 ERR (3): Notice: Undefined variable: block  in /var/www/html/app/code/core/Mage/Core/Model/Email/Template/Filter.php on line 197
2015-11-22T04:07:47+00:00 ERR (3): Warning: imagejpeg(/var/www/html/media/catalog/product/cache/1/image/1800x/040ec09b1e35df139433887a97daa66f/w/b/wbk003t.jpg): failed to open stream: Permission denied  in /var/www/html/lib/Varien/Image/Adapter/Gd2.php on line 210
2015-11-22T04:07:48+00:00 ERR (3): Warning: imagejpeg(/var/www/html/media/catalog/product/cache/1/image/1800x/040ec09b1e35df139433887a97daa66f/w/b/wbk003t.jpg): failed to open stream: Permission denied  in /var/www/html/lib/Varien/Image/Adapter/Gd2.php on line 210
2015-11-22T04:07:48+00:00 ERR (3): Warning: imagejpeg(/var/www/html/media/catalog/product/cache/1/image/1800x/040ec09b1e35df139433887a97daa66f/w/b/wbk003a.jpg): failed to open stream: Permission denied  in /var/www/html/lib/Varien/Image/Adapter/Gd2.php on line 210
2015-11-22T04:07:48+00:00 ERR (3): Warning: imagejpeg(/var/www/html/media/catalog/product/cache/1/image/1800x/040ec09b1e35df139433887a97daa66f/w/b/wbk003a.jpg): failed to open stream: Permission denied  in /var/www/html/lib/Varien/Image/Adapter/Gd2.php on line 210
2015-11-22T04:07:48+00:00 ERR (3): Warning: imagejpeg(/var/www/html/media/catalog/product/cache/1/image/1800x/040ec09b1e35df139433887a97daa66f/w/b/wbk003b.jpg): failed to open stream: Permission denied  in /var/www/html/lib/Varien/Image/Adapter/Gd2.php on line 210
2015-11-22T04:07:48+00:00 ERR (3): Warning: imagejpeg(/var/www/html/media/catalog/product/cache/1/image/1800x/040ec09b1e35df139433887a97daa66f/w/b/wbk003b.jpg): failed to open stream: Permission denied  in /var/www/html/lib/Varien/Image/Adapter/Gd2.php on line 210
2015-11-22T04:07:48+00:00 ERR (3): Warning: imagejpeg(/var/www/html/media/catalog/product/cache/1/image/1800x/040ec09b1e35df139433887a97daa66f/w/b/wbk003t_1.jpg): failed to open stream: Permission denied  in /var/www/html/lib/Varien/Image/Adapter/Gd2.php on line 210
2015-11-22T04:07:48+00:00 ERR (3): Warning: imagejpeg(/var/www/html/media/catalog/product/cache/1/image/1800x/040ec09b1e35df139433887a97daa66f/w/b/wbk003t_2.jpg): failed to open stream: Permission denied  in /var/www/html/lib/Varien/Image/Adapter/Gd2.php on line 210
2015-11-22T04:07:48+00:00 ERR (3): Warning: imagejpeg(/var/www/html/media/catalog/product/cache/1/image/1800x/040ec09b1e35df139433887a97daa66f/w/b/wbk003t_3.jpg): failed to open stream: Permission denied  in /var/www/html/lib/Varien/Image/Adapter/Gd2.php on line 210
2015-11-22T04:07:48+00:00 ERR (3): Warning: imagejpeg(/var/www/html/media/catalog/product/cache/1/image/1800x/040ec09b1e35df139433887a97daa66f/w/b/wbk003t_4.jpg): failed to open stream: Permission denied  in /var/www/html/lib/Varien/Image/Adapter/Gd2.php on line 210
2015-11-22T04:07:48+00:00 ERR (3): Warning: imagejpeg(/var/www/html/media/catalog/product/cache/1/image/1800x/040ec09b1e35df139433887a97daa66f/w/b/wbk003t_5.jpg): failed to open stream: Permission denied  in /var/www/html/lib/Varien/Image/Adapter/Gd2.php on line 210
2015-11-22T04:07:48+00:00 ERR (3): Warning: imagejpeg(/var/www/html/media/catalog/product/cache/1/image/1800x/040ec09b1e35df139433887a97daa66f/w/b/wbk003t.jpg): failed to open stream: Permission denied  in /var/www/html/lib/Varien/Image/Adapter/Gd2.php on line 210
2015-11-22T04:07:48+00:00 ERR (3): Warning: imagepng(/var/www/html/media/catalog/swatches/1/21x21/media/indigo.png): failed to open stream: Permission denied  in /var/www/html/lib/Varien/Image/Adapter/Gd2.php on line 210
2015-11-22T19:18:33+00:00 ERR (3): Notice: Undefined variable: block  in /var/www/html/app/code/core/Mage/Core/Model/Email/Template/Filter.php on line 187
2015-11-22T19:18:33+00:00 ERR (3): Notice: Undefined variable: block  in /var/www/html/app/code/core/Mage/Core/Model/Email/Template/Filter.php on line 197
2015-11-22T19:18:33+00:00 ERR (3): Notice: Undefined variable: block  in /var/www/html/app/code/core/Mage/Core/Model/Email/Template/Filter.php on line 187
2015-11-22T19:18:33+00:00 ERR (3): Notice: Undefined variable: block  in /var/www/html/app/code/core/Mage/Core/Model/Email/Template/Filter.php on line 197
2015-11-22T19:18:38+00:00 ERR (3): Notice: Undefined variable: block  in /var/www/html/app/code/core/Mage/Core/Model/Email/Template/Filter.php on line 187
2015-11-22T19:18:38+00:00 ERR (3): Notice: Undefined variable: block  in /var/www/html/app/code/core/Mage/Core/Model/Email/Template/Filter.php on line 197
2015-11-22T19:18:38+00:00 ERR (3): Notice: Undefined variable: block  in /var/www/html/app/code/core/Mage/Core/Model/Email/Template/Filter.php on line 187
2015-11-22T19:18:38+00:00 ERR (3): Notice: Undefined variable: block  in /var/www/html/app/code/core/Mage/Core/Model/Email/Template/Filter.php on line 197
2015-11-22T19:18:38+00:00 ERR (3): Notice: Undefined variable: block  in /var/www/html/app/code/core/Mage/Core/Model/Email/Template/Filter.php on line 187
2015-11-22T19:18:38+00:00 ERR (3): Notice: Undefined variable: block  in /var/www/html/app/code/core/Mage/Core/Model/Email/Template/Filter.php on line 197
2015-11-22T19:18:41+00:00 ERR (3): Notice: Undefined variable: block  in /var/www/html/app/code/core/Mage/Core/Model/Email/Template/Filter.php on line 187
2015-11-22T19:18:41+00:00 ERR (3): Notice: Undefined variable: block  in /var/www/html/app/code/core/Mage/Core/Model/Email/Template/Filter.php on line 197
2015-11-22T19:18:41+00:00 ERR (3): Notice: Undefined variable: block  in /var/www/html/app/code/core/Mage/Core/Model/Email/Template/Filter.php on line 187
2015-11-22T19:18:41+00:00 ERR (3): Notice: Undefined variable: block  in /var/www/html/app/code/core/Mage/Core/Model/Email/Template/Filter.php on line 197
2015-11-22T19:18:44+00:00 ERR (3): Notice: Undefined variable: block  in /var/www/html/app/code/core/Mage/Core/Model/Email/Template/Filter.php on line 187
2015-11-22T19:18:44+00:00 ERR (3): Notice: Undefined variable: block  in /var/www/html/app/code/core/Mage/Core/Model/Email/Template/Filter.php on line 197
2015-11-22T19:18:44+00:00 ERR (3): Notice: Undefined variable: block  in /var/www/html/app/code/core/Mage/Core/Model/Email/Template/Filter.php on line 187
2015-11-22T19:18:44+00:00 ERR (3): Notice: Undefined variable: block  in /var/www/html/app/code/core/Mage/Core/Model/Email/Template/Filter.php on line 197
